<?xml version="1.0" encoding="UTF-8"?>
<!-- Generated by org.testng.reporters.JUnitReportReporter -->
<testsuite hostname="user-PC" failures="0" tests="1" name="com.projectname.testcases.BankManager" time="16.319" errors="0" timestamp="12 Jun 2019 16:34:47 GMT" skipped="0">
  <testcase classname="com.projectname.testcases.BankManager" name="bankmanagerlogin" time="16.319"/>
</testsuite> <!-- com.projectname.testcases.BankManager -->
