<?xml version="1.0" encoding="UTF-8"?>
<!-- Generated by org.testng.reporters.JUnitReportReporter -->
<testsuite hostname="user-PC" failures="0" tests="4" name="com.projectname.testcases.AddCustomer" time="29.203" errors="0" timestamp="12 Jun 2019 16:34:47 GMT" skipped="0">
  <testcase classname="com.projectname.testcases.AddCustomer" name="addcustomer" time="6.871"/>
  <testcase classname="com.projectname.testcases.AddCustomer" name="addcustomer" time="7.356"/>
  <testcase classname="com.projectname.testcases.AddCustomer" name="addcustomer" time="7.366"/>
  <testcase classname="com.projectname.testcases.AddCustomer" name="addcustomer" time="7.610"/>
</testsuite> <!-- com.projectname.testcases.AddCustomer -->
